<?xml version="1.0" encoding="UTF-8"?>
<testsuite xmlns:xsi="http://www.w3.org/2001/XMLSchema-instance" xsi:noNamespaceSchemaLocation="https://maven.apache.org/surefire/maven-surefire-plugin/xsd/surefire-test-report-3.0.xsd" version="3.0" name="com.example.SpringBootMaven.SpringBootMavenApplicationTests" time="2.722" tests="1" errors="0" skipped="0" failures="0">
  <properties>
[...]
</properties>
  <testcase name="contextLoads" classname="com.example.SpringBootMaven.SpringBootMavenApplicationTests" time="0.812">
    <system-out><![CDATA[09:28:27.110 [main] INFO org.springframework.test.context.support.AnnotationConfigContextLoaderUtils -- Could not detect default configuration classes for test class [com.example.SpringBootMaven.SpringBootMavenApplicationTests]: SpringBootMavenApplicationTests does not declare any static, non-private, non-final, nested classes annotated with @Configuration.
09:28:27.216 [main] INFO org.springframework.boot.test.context.SpringBootTestContextBootstrapper -- Found @SpringBootConfiguration com.example.SpringBootMaven.SpringBootMavenApplication for test class com.example.SpringBootMaven.SpringBootMavenApplicationTests

  .   ____          _            __ _ _
 /\\ / ___'_ __ _ _(_)_ __  __ _ \ \ \ \
( ( )\___ | '_ | '_| | '_ \/ _` | \ \ \ \
 \\/  ___)| |_)| | | | | || (_| |  ) ) ) )
  '  |____| .__|_| |_|_| |_\__, | / / / /
 =========|_|==============|___/=/_/_/_/
 :: Spring Boot ::                (v3.1.6)

2023-12-06T09:28:27.653+07:00  INFO 13184 --- [           main] c.e.S.SpringBootMavenApplicationTests    : Starting SpringBootMavenApplicationTests using Java 18.0.2.1 with PID 13184 (started by MSl in C:\Users\MSl\Downloads\SpringBootMaven)
2023-12-06T09:28:27.655+07:00  INFO 13184 --- [           main] c.e.S.SpringBootMavenApplicationTests    : No active profile set, falling back to 1 default profile: "default"
2023-12-06T09:28:28.809+07:00  INFO 13184 --- [           main] c.e.S.SpringBootMavenApplicationTests    : Started SpringBootMavenApplicationTests in 1.419 seconds (process running for 2.488)
]]></system-out>
  </testcase>
</testsuite>